<?xml version="1.0" encoding="UTF-8"?>
<testng-results ignored="0" total="1" passed="1" failed="0" skipped="0">
  <reporter-output>
  </reporter-output>
  <suite started-at="2023-01-04T15:07:54 IST" name="Default suite" finished-at="2023-01-04T15:08:01 IST" duration-ms="6397">
    <groups>
    </groups>
    <test started-at="2023-01-04T15:07:54 IST" name="Default test" finished-at="2023-01-04T15:08:01 IST" duration-ms="6397">
      <class name="foreignVisitors.ForeignVisitor9Test">
        <test-method is-config="true" signature="connecttoDB()[pri:0, instance:foreignVisitors.ForeignVisitor9Test@121314f7]" started-at="2023-01-04T15:07:54 IST" name="connecttoDB" finished-at="2023-01-04T15:07:54 IST" duration-ms="9" status="PASS">
          <reporter-output>
          </reporter-output>
        </test-method> <!-- connecttoDB -->
        <test-method is-config="true" signature="launchTheBrowser()[pri:0, instance:foreignVisitors.ForeignVisitor9Test@121314f7]" started-at="2023-01-04T15:07:54 IST" name="launchTheBrowser" finished-at="2023-01-04T15:07:57 IST" duration-ms="3106" status="PASS">
          <reporter-output>
          </reporter-output>
        </test-method> <!-- launchTheBrowser -->
        <test-method is-config="true" signature="loginToApplication()[pri:0, instance:foreignVisitors.ForeignVisitor9Test@121314f7]" started-at="2023-01-04T15:07:57 IST" name="loginToApplication" finished-at="2023-01-04T15:07:58 IST" duration-ms="838" status="PASS">
          <reporter-output>
          </reporter-output>
        </test-method> <!-- loginToApplication -->
        <test-method signature="addVisitor()[pri:0, instance:foreignVisitors.ForeignVisitor9Test@121314f7]" started-at="2023-01-04T15:07:58 IST" name="addVisitor" finished-at="2023-01-04T15:08:00 IST" duration-ms="1640" status="PASS">
          <reporter-output>
          </reporter-output>
        </test-method> <!-- addVisitor -->
        <test-method is-config="true" signature="logOutFromApplication()[pri:0, instance:foreignVisitors.ForeignVisitor9Test@121314f7]" started-at="2023-01-04T15:08:00 IST" name="logOutFromApplication" finished-at="2023-01-04T15:08:00 IST" duration-ms="612" status="PASS">
          <reporter-output>
          </reporter-output>
        </test-method> <!-- logOutFromApplication -->
        <test-method is-config="true" signature="closeTheBrowser()[pri:0, instance:foreignVisitors.ForeignVisitor9Test@121314f7]" started-at="2023-01-04T15:08:00 IST" name="closeTheBrowser" finished-at="2023-01-04T15:08:01 IST" duration-ms="139" status="PASS">
          <reporter-output>
          </reporter-output>
        </test-method> <!-- closeTheBrowser -->
        <test-method is-config="true" signature="disconnectToDB()[pri:0, instance:foreignVisitors.ForeignVisitor9Test@121314f7]" started-at="2023-01-04T15:08:01 IST" name="disconnectToDB" finished-at="2023-01-04T15:08:01 IST" duration-ms="1" status="PASS">
          <reporter-output>
          </reporter-output>
        </test-method> <!-- disconnectToDB -->
      </class> <!-- foreignVisitors.ForeignVisitor9Test -->
    </test> <!-- Default test -->
  </suite> <!-- Default suite -->
</testng-results>
